
Showing logs for build [32mcb-kubecd-bdd-gh-1577796625-pr-ggmwq-1[0m stage [32mfrom-build-pack[0m and container [32mstep-credential-initializer-fl4p5[0m
{"level":"warn","ts":1577798009.5746706,"logger":"fallback-logger","caller":"logging/config.go:69","msg":"Fetch GitHub commit ID from kodata failed: \"ref: refs/heads/master\" is not a valid GitHub commit ID"}
{"level":"info","ts":1577798009.5751545,"logger":"fallback-logger","caller":"creds-init/main.go:40","msg":"Credentials initialized."}

Showing logs for build [32mcb-kubecd-bdd-gh-1577796625-pr-ggmwq-1[0m stage [32mfrom-build-pack[0m and container [32mstep-working-dir-initializer-hd6zp[0m
{"level":"warn","ts":1577798011.628583,"logger":"fallback-logger","caller":"logging/config.go:69","msg":"Fetch GitHub commit ID from kodata failed: open /var/run/ko/HEAD: no such file or directory"}
{"level":"info","ts":1577798011.6315737,"logger":"fallback-logger","caller":"bash/main.go:65","msg":"Successfully executed command \"mkdir -p /workspace/source\""}

Showing logs for build [32mcb-kubecd-bdd-gh-1577796625-pr-ggmwq-1[0m stage [32mfrom-build-pack[0m and container [32mstep-place-tools[0m

Showing logs for build [32mcb-kubecd-bdd-gh-1577796625-pr-ggmwq-1[0m stage [32mfrom-build-pack[0m and container [32mstep-git-source-cb-kubecd-bdd-gh-1577796625-pr-zvqm6[0m
{"level":"warn","ts":1577798111.4565294,"logger":"fallback-logger","caller":"logging/config.go:69","msg":"Fetch GitHub commit ID from kodata failed: \"ref: refs/heads/master\" is not a valid GitHub commit ID"}
{"level":"info","ts":1577798112.6122808,"logger":"fallback-logger","caller":"git/git.go:102","msg":"Successfully cloned https://github.com/cb-kubecd/bdd-gh-1577796625.git @ master in path /workspace/source"}

Showing logs for build [32mcb-kubecd-bdd-gh-1577796625-pr-ggmwq-1[0m stage [32mfrom-build-pack[0m and container [32mstep-git-merge[0m
Using SHAs from PULL_REFS=master:a575d2a86a6ee367815cac44a58a2c1a73860409,1:62e9e24eaa1c7c7518e9aa51a4156b89fc1ff535
DEBUG: ran git fetch --unshallow origin 62e9e24eaa1c7c7518e9aa51a4156b89fc1ff535: a575d2a86a6ee367815cac44a58a2c1a73860409: in 
DEBUG: ran git checkout master in 
DEBUG: ran git reset --hard a575d2a86a6ee367815cac44a58a2c1a73860409 in 
DEBUG: ran clean --force -d . in 
DEBUG: ran git merge 62e9e24eaa1c7c7518e9aa51a4156b89fc1ff535 in 
Merged SHA 62e9e24eaa1c7c7518e9aa51a4156b89fc1ff535 with commit message 'My first PR commit' into base branch master

Showing logs for build [32mcb-kubecd-bdd-gh-1577796625-pr-ggmwq-1[0m stage [32mfrom-build-pack[0m and container [32mstep-build-make-linux[0m
CGO_ENABLED=0 GOOS=linux GOARCH=amd64 GO15VENDOREXPERIMENT=1 go build -ldflags '' -o bin/bdd-gh-1577796625 main.go

Showing logs for build [32mcb-kubecd-bdd-gh-1577796625-pr-ggmwq-1[0m stage [32mfrom-build-pack[0m and container [32mstep-build-container-build[0m
[36mINFO[0m[0000] No base image, nothing to extract            
[36mINFO[0m[0000] cmd: EXPOSE                                  
[36mINFO[0m[0000] Adding exposed port: 8080/tcp                
[36mINFO[0m[0000] Using files from context: [/workspace/source/bin] 
[36mINFO[0m[0000] Skipping unpacking as no commands require it. 
[36mINFO[0m[0000] Taking snapshot of full filesystem...        
[36mINFO[0m[0000] EXPOSE 8080                                  
[36mINFO[0m[0000] cmd: EXPOSE                                  
[36mINFO[0m[0000] Adding exposed port: 8080/tcp                
[36mINFO[0m[0000] No files changed in this command, skipping snapshotting. 
[36mINFO[0m[0000] ENTRYPOINT ["/bdd-gh-1577796625"]            
[36mINFO[0m[0000] No files changed in this command, skipping snapshotting. 
[36mINFO[0m[0000] Using files from context: [/workspace/source/bin] 
[36mINFO[0m[0000] COPY ./bin/ /                                
[36mINFO[0m[0000] Taking snapshot of files...                  
2019/12/31 13:15:28 pushed blob: sha256:ad5ea3553126c320737ec08cbb3de2435756d685eb177215b1fce1eecb97b23c
2019/12/31 13:15:29 pushed blob: sha256:5fe119815675145fb2fe8974aa6acc2a294fce95afb9bbca62e8b116c0c78fea
2019/12/31 13:15:30 gcr.io/jenkins-x-bdd3/bdd-gh-1577796625:0.0.0-SNAPSHOT-PR-1-1: digest: sha256:f4dabf2d10ad285d7b511111ff85b308ae0f430edb16f23b6921158b87e01826 size: 428

Showing logs for build [32mcb-kubecd-bdd-gh-1577796625-pr-ggmwq-1[0m stage [32mfrom-build-pack[0m and container [32mstep-postbuild-post-build[0m
no CVE provider running in the current ** namespace so skip adding image to be analysed

Showing logs for build [32mcb-kubecd-bdd-gh-1577796625-pr-ggmwq-1[0m stage [32mfrom-build-pack[0m and container [32mstep-promote-make-preview[0m
sed -i -e "s/version:.*/version: 0.0.0-SNAPSHOT-PR-1-1/" Chart.yaml
sed -i -e "s/version:.*/version: 0.0.0-SNAPSHOT-PR-1-1/" ../*/Chart.yaml
sed -i -e "s|repository:.*|repository: gcr.io\/jenkins-x-bdd3\/bdd-gh-1577796625|" values.yaml
sed -i -e "s/tag:.*/tag: 0.0.0-SNAPSHOT-PR-1-1/" values.yaml
echo "  version: 0.0.0-SNAPSHOT-PR-1-1" >> requirements.yaml
** step helm build
WARNING: No $CHART_REPOSITORY defined so using the default value of: http://jenkins-x-chartmuseum:8080
Adding missing Helm repo: storage.googleapis.com https://storage.googleapis.com/chartmuseum.jenkins-x.io
WARNING: No secrets found on "helm/repos" due: reading the secret "helm/repos" from vault: no secret "helm/repos" not found in vault
Read credentials for https://storage.googleapis.com/chartmuseum.jenkins-x.io from vault helm/repos
Successfully added Helm repository storage.googleapis.com.
Adding missing Helm repo: jenkins-x-chartmuseum http://jenkins-x-chartmuseum:8080
WARNING: No secrets found on "helm/repos" due: reading the secret "helm/repos" from vault: no secret "helm/repos" not found in vault
Read credentials for http://jenkins-x-chartmuseum:8080 from vault helm/repos
Successfully added Helm repository jenkins-x-chartmuseum.
WARNING: No $CHART_REPOSITORY defined so using the default value of: http://jenkins-x-chartmuseum:8080
Adding missing Helm repo: chartmuseum.jenkins-x.io http://chartmuseum.jenkins-x.io
WARNING: No secrets found on "helm/repos" due: reading the secret "helm/repos" from vault: no secret "helm/repos" not found in vault
Read credentials for http://chartmuseum.jenkins-x.io from vault helm/repos
Successfully added Helm repository chartmuseum.jenkins-x.io.

Showing logs for build [32mcb-kubecd-bdd-gh-1577796625-pr-ggmwq-1[0m stage [32mfrom-build-pack[0m and container [32mstep-promote-jx-preview[0m
Creating a preview
Created environment cb-kubecd-bdd-gh-1577796625-pr-1
Namespace **-cb-kubecd-bdd-gh-1577796625-pr-1 created 
expose:
  Annotations:
    helm.sh/hook: post-install,post-upgrade
    helm.sh/hook-delete-policy: hook-succeeded
  config:
    domain: 35.240.95.66.nip.io
    exposer: Ingress
    http: "true"
preview:
  image:
    repository: gcr.io/jenkins-x-bdd3/bdd-gh-1577796625
    tag: 0.0.0-SNAPSHOT-PR-1-1


Updating PipelineActivities cb-kubecd-bdd-gh-1577796625-pr-1-1 which has status Running
WARNING: preview application http://bdd-gh-1577796625.**-cb-kubecd-bdd-gh-1577796625-pr-1.35.240.95.66.nip.io not available, error was 503 503 Service Temporarily Unavailable, delaying for: 1.426986804s
Preview application is now available at: http://bdd-gh-1577796625.**-cb-kubecd-bdd-gh-1577796625-pr-1.35.240.95.66.nip.io
